0 info it worked if it ends with ok
1 verbose cli [ '/usr/bin/node',
1 verbose cli   '/usr/bin/npm',
1 verbose cli   'install',
1 verbose cli   '-g',
1 verbose cli   'bower-installer' ]
2 info using npm@1.4.28
3 info using node@v0.10.33
4 verbose node symlink /usr/bin/node
5 verbose cache add [ 'bower-installer', null ]
6 verbose cache add name=undefined spec="bower-installer" args=["bower-installer",null]
7 verbose parsed url { protocol: null,
7 verbose parsed url   slashes: null,
7 verbose parsed url   auth: null,
7 verbose parsed url   host: null,
7 verbose parsed url   port: null,
7 verbose parsed url   hostname: null,
7 verbose parsed url   hash: null,
7 verbose parsed url   search: null,
7 verbose parsed url   query: null,
7 verbose parsed url   pathname: 'bower-installer',
7 verbose parsed url   path: 'bower-installer',
7 verbose parsed url   href: 'bower-installer' }
8 silly lockFile e75a97de-bower-installer bower-installer
9 verbose lock bower-installer /home/vagrant/.npm/e75a97de-bower-installer.lock
10 silly lockFile e75a97de-bower-installer bower-installer
11 silly lockFile e75a97de-bower-installer bower-installer
12 verbose addNamed [ 'bower-installer', '' ]
13 verbose addNamed [ null, '*' ]
14 silly lockFile 8dda27d5-bower-installer bower-installer@
15 verbose lock bower-installer@ /home/vagrant/.npm/8dda27d5-bower-installer.lock
16 silly addNameRange { name: 'bower-installer', range: '*', hasData: false }
17 verbose request where is /bower-installer
18 verbose request registry https://registry.npmjs.org/
19 verbose request id c5fbb0ea51a66e17
20 verbose url raw /bower-installer
21 verbose url resolving [ 'https://registry.npmjs.org/', './bower-installer' ]
22 verbose url resolved https://registry.npmjs.org/bower-installer
23 verbose request where is https://registry.npmjs.org/bower-installer
24 info trying registry request attempt 1 at 22:45:39
25 verbose etag "9KEPUCO2ZM22KT1NIMP8J3CFE"
26 http GET https://registry.npmjs.org/bower-installer
27 http 304 https://registry.npmjs.org/bower-installer
28 silly registry.get cb [ 304,
28 silly registry.get   { date: 'Tue, 06 Jan 2015 22:45:40 GMT',
28 silly registry.get     server: 'Apache',
28 silly registry.get     via: '1.1 varnish',
28 silly registry.get     'last-modified': 'Tue, 06 Jan 2015 22:45:40 GMT',
28 silly registry.get     'cache-control': 'max-age=60',
28 silly registry.get     etag: '"9KEPUCO2ZM22KT1NIMP8J3CFE"',
28 silly registry.get     age: '0',
28 silly registry.get     'x-served-by': 'cache-atl6225-ATL',
28 silly registry.get     'x-cache': 'MISS',
28 silly registry.get     'x-cache-hits': '0',
28 silly registry.get     'x-timer': 'S1420584340.214304,VS0,VE111',
28 silly registry.get     vary: 'Accept',
28 silly registry.get     'content-length': '0',
28 silly registry.get     'keep-alive': 'timeout=10, max=50',
28 silly registry.get     connection: 'Keep-Alive' } ]
29 verbose etag https://registry.npmjs.org/bower-installer from cache
30 silly addNameRange number 2 { name: 'bower-installer', range: '*', hasData: true }
31 silly addNameRange versions [ 'bower-installer',
31 silly addNameRange   [ '0.0.3',
31 silly addNameRange     '0.0.4',
31 silly addNameRange     '0.0.5',
31 silly addNameRange     '0.0.6',
31 silly addNameRange     '0.0.7',
31 silly addNameRange     '0.0.8',
31 silly addNameRange     '0.0.9',
31 silly addNameRange     '0.0.10',
31 silly addNameRange     '0.0.11',
31 silly addNameRange     '0.1.0',
31 silly addNameRange     '0.1.2',
31 silly addNameRange     '0.2.0',
31 silly addNameRange     '0.2.1',
31 silly addNameRange     '0.2.2',
31 silly addNameRange     '0.3.0',
31 silly addNameRange     '0.4.0',
31 silly addNameRange     '0.4.1',
31 silly addNameRange     '0.4.2',
31 silly addNameRange     '0.4.3',
31 silly addNameRange     '0.4.4',
31 silly addNameRange     '0.4.5',
31 silly addNameRange     '0.5.0',
31 silly addNameRange     '0.6.0',
31 silly addNameRange     '0.6.1',
31 silly addNameRange     '0.6.2',
31 silly addNameRange     '0.7.0',
31 silly addNameRange     '0.7.1',
31 silly addNameRange     '0.8.0',
31 silly addNameRange     '0.8.1',
31 silly addNameRange     '0.8.2',
31 silly addNameRange     '0.8.3',
31 silly addNameRange     '0.8.4',
31 silly addNameRange     '1.0.0',
31 silly addNameRange     '1.1.0' ] ]
32 verbose addNamed [ 'bower-installer', '1.1.0' ]
33 verbose addNamed [ '1.1.0', '1.1.0' ]
34 silly lockFile 30169593-bower-installer-1-1-0 bower-installer@1.1.0
35 verbose lock bower-installer@1.1.0 /home/vagrant/.npm/30169593-bower-installer-1-1-0.lock
36 silly lockFile 30169593-bower-installer-1-1-0 bower-installer@1.1.0
37 silly lockFile 30169593-bower-installer-1-1-0 bower-installer@1.1.0
38 silly lockFile 8dda27d5-bower-installer bower-installer@
39 silly lockFile 8dda27d5-bower-installer bower-installer@
40 silly resolved [ { name: 'bower-installer',
40 silly resolved     version: '1.1.0',
40 silly resolved     preferGlobal: 'true',
40 silly resolved     description: 'Tool for installing bower dependencies that won\'t include entire repos',
40 silly resolved     main: 'bower-installer.js',
40 silly resolved     dependencies:
40 silly resolved      { 'node-fs': '~0.1.7',
40 silly resolved        bower: '~1.3.8',
40 silly resolved        colors: '~0.6.0-1',
40 silly resolved        lodash: '~0.9.1',
40 silly resolved        glob: '~3.2.7',
40 silly resolved        nopt: '~2.1.2',
40 silly resolved        async: '~0.2.9',
40 silly resolved        mkdirp: '~0.3.5' },
40 silly resolved     engines: { node: '>=0.10.0' },
40 silly resolved     devDependencies:
40 silly resolved      { grunt: '~0.4.2',
40 silly resolved        'grunt-jasmine-node': '0.2.1',
40 silly resolved        async: '~0.2.9',
40 silly resolved        rimraf: '~2.2.2' },
40 silly resolved     scripts: { test: 'grunt' },
40 silly resolved     repository:
40 silly resolved      { type: 'git',
40 silly resolved        url: 'https://github.com/blittle/bower-installer' },
40 silly resolved     keywords: [ 'bower', 'install', 'dependencies' ],
40 silly resolved     author: { name: 'Bret Little' },
40 silly resolved     license: 'BSD',
40 silly resolved     bin: { 'bower-installer': './bower-installer.js' },
40 silly resolved     bugs: { url: 'https://github.com/blittle/bower-installer/issues' },
40 silly resolved     _id: 'bower-installer@1.1.0',
40 silly resolved     dist:
40 silly resolved      { shasum: '16f14a7a1a973897a3b03c54b9c92ca80aab4eba',
40 silly resolved        tarball: 'http://registry.npmjs.org/bower-installer/-/bower-installer-1.1.0.tgz' },
40 silly resolved     _from: 'bower-installer@',
40 silly resolved     _resolved: 'https://registry.npmjs.org/bower-installer/-/bower-installer-1.1.0.tgz',
40 silly resolved     gitHead: 'e8ea64e84ad9aa64e72da39d6df12d4dc8e7b6a5',
40 silly resolved     homepage: 'https://github.com/blittle/bower-installer',
40 silly resolved     _shasum: '16f14a7a1a973897a3b03c54b9c92ca80aab4eba',
40 silly resolved     _npmVersion: '1.4.21',
40 silly resolved     _npmUser: { name: 'blittle', email: 'bret.little@gmail.com' },
40 silly resolved     maintainers: [ [Object] ],
40 silly resolved     directories: {},
40 silly resolved     readme: 'ERROR: No README data found!' } ]
41 info install bower-installer@1.1.0 into /usr/lib
42 info installOne bower-installer@1.1.0
43 verbose lib/node_modules/bower-installer unbuild
44 verbose tar unpack /home/vagrant/.npm/bower-installer/1.1.0/package.tgz
45 silly lockFile 3597976a-lib-node-modules-bower-installer tar:///usr/lib/node_modules/bower-installer
46 verbose lock tar:///usr/lib/node_modules/bower-installer /home/vagrant/.npm/3597976a-lib-node-modules-bower-installer.lock
47 silly lockFile e3554d90-ower-installer-1-1-0-package-tgz tar:///home/vagrant/.npm/bower-installer/1.1.0/package.tgz
48 verbose lock tar:///home/vagrant/.npm/bower-installer/1.1.0/package.tgz /home/vagrant/.npm/e3554d90-ower-installer-1-1-0-package-tgz.lock
49 silly gunzTarPerm modes [ '775', '664' ]
50 error Error: EACCES, mkdir '/usr/lib/node_modules/bower-installer'
50 error  { [Error: EACCES, mkdir '/usr/lib/node_modules/bower-installer']
50 error   errno: 3,
50 error   code: 'EACCES',
50 error   path: '/usr/lib/node_modules/bower-installer',
50 error   fstream_type: 'Directory',
50 error   fstream_path: '/usr/lib/node_modules/bower-installer',
50 error   fstream_class: 'DirWriter',
50 error   fstream_stack:
50 error    [ '/usr/lib/node_modules/npm/node_modules/fstream/lib/dir-writer.js:36:23',
50 error      '/usr/lib/node_modules/npm/node_modules/mkdirp/index.js:46:53',
50 error      'Object.oncomplete (fs.js:107:15)' ] }
51 error Please try running this command again as root/Administrator.
52 error System Linux 3.13.0-30-generic
53 error command "/usr/bin/node" "/usr/bin/npm" "install" "-g" "bower-installer"
54 error cwd /home/vagrant/projetos/pusher
55 error node -v v0.10.33
56 error npm -v 1.4.28
57 error path /usr/lib/node_modules/bower-installer
58 error fstream_path /usr/lib/node_modules/bower-installer
59 error fstream_type Directory
60 error fstream_class DirWriter
61 error code EACCES
62 error errno 3
63 error stack Error: EACCES, mkdir '/usr/lib/node_modules/bower-installer'
64 error fstream_stack /usr/lib/node_modules/npm/node_modules/fstream/lib/dir-writer.js:36:23
64 error fstream_stack /usr/lib/node_modules/npm/node_modules/mkdirp/index.js:46:53
64 error fstream_stack Object.oncomplete (fs.js:107:15)
65 verbose exit [ 3, true ]
